[2025-02-24T11:57:04.927Z] [ERROR] Failed to initialize bot:
[2025-02-24T12:20:50.103Z] [ERROR] Failed to initialize bot:
[2025-02-24T12:21:26.200Z] [ERROR] Failed to initialize bot:
[2025-02-25T15:46:45.542Z] [ERROR] Failed to initialize bot:
[2025-02-25T15:49:58.752Z] [ERROR] Failed to initialize bot:
[2025-02-25T15:51:57.193Z] [ERROR] Failed to initialize bot:
[2025-02-25T15:53:44.105Z] [ERROR] Failed to initialize bot:
[2025-02-25T15:55:24.874Z] [ERROR] Failed to initialize bot:
[2025-02-25T15:57:51.962Z] [ERROR] Failed to initialize bot:
[2025-02-25T15:57:59.936Z] [ERROR] Failed to initialize bot:
[2025-02-25T15:59:42.018Z] [ERROR] Failed to initialize bot:
[2025-02-25T16:02:17.750Z] [ERROR] Failed to initialize bot:
[2025-02-25T16:02:17.751Z] [ERROR] TypeError: login is not a function
    at initBot (C:\Users\Administrator\Desktop\Nexus\index.js:28:23)
    at process.processTicksAndRejections (node:internal/process/task_queues:105:5)
[2025-02-25T16:03:27.911Z] [ERROR] Failed to initialize bot:
[2025-02-25T16:03:27.911Z] [ERROR] TypeError: Cannot read properties of undefined (reading 'listenMqtt')
    at initBot (C:\Users\Administrator\Desktop\Nexus\index.js:33:9)
    at process.processTicksAndRejections (node:internal/process/task_queues:105:5)
[2025-02-25T16:44:11.242Z] [ERROR] Failed to initialize bot: - Nexus
[2025-02-25T16:44:11.244Z] [ERROR] TypeError: Cannot read properties of undefined (reading 'setOptions')
    at initBot (C:\Users\Administrator\Desktop\Nexus\index.js:52:9)
    at process.processTicksAndRejections (node:internal/process/task_queues:105:5) - Nexus
[2025-02-25T16:47:45.600Z] [ERROR] Failed to initialize bot: - Nexus
[2025-02-25T16:47:45.601Z] [ERROR] TypeError: Cannot read properties of undefined (reading 'setOptions')
    at initBot (C:\Users\Administrator\Desktop\Nexus\index.js:52:9)
    at process.processTicksAndRejections (node:internal/process/task_queues:105:5) - Nexus
[2025-02-25T16:55:59.752Z] [ERROR] Failed to initialize bot: - Nexus
[2025-02-25T16:55:59.754Z] [ERROR] TypeError: Cannot read properties of undefined (reading 'setOptions')
    at initBot (C:\Users\Administrator\Desktop\Nexus\index.js:61:9)
    at process.processTicksAndRejections (node:internal/process/task_queues:105:5) - Nexus
[2025-02-25T17:15:19.299Z] [ERROR] [object Object] - Nexus
[2025-02-25T17:15:23.762Z] [ERROR] Failed to initialize bot: - Nexus
[2025-02-25T17:17:01.418Z] [ERROR] Failed to initialize bot: - Nexus
[2025-02-25T17:19:17.924Z] [ERROR] Failed to initialize bot: - Nexus
[2025-02-25T17:22:57.445Z] [ERROR] Failed to initialize bot: - Nexus
[2025-02-25T17:25:43.304Z] [ERROR] Failed to initialize bot: - Nexus
[2025-02-25T17:28:42.471Z] [ERROR] Failed to initialize bot: - Nexus
[2025-02-25T17:31:09.274Z] [ERROR] Failed to initialize bot: - Nexus
[2025-02-25T17:31:09.274Z] [ERROR] Login failed. Reason: - Nexus
[2025-02-25T17:32:34.170Z] [ERROR] Failed to initialize bot: - Nexus
[2025-02-25T17:32:34.171Z] [ERROR] Account suspended. Reason: This account will be disabled in 180 days - Nexus
[2025-02-25T17:34:47.758Z] [ERROR] Failed to initialize bot: - Nexus
[2025-02-25T17:34:47.759Z] [ERROR] Account suspended. Reason: This account will be disabled in 180 days - Nexus
[2025-02-25T17:38:09.917Z] [ERROR] Failed to initialize bot: - Nexus
[2025-02-25T17:38:09.918Z] [ERROR] Account suspended. Reason: This account will be disabled in 180 days - Nexus
[2025-02-25T17:41:20.345Z] [ERROR] Failed to initialize bot: - Nexus
[2025-02-25T17:41:20.345Z] [ERROR] Account suspended. Reason: This account will be disabled in 180 days - Nexus
[2025-02-25T17:45:12.990Z] [ERROR] [38;2;255;0;0mN[39m[38;2;128;0;255me[39m[38;2;0;255;255mx[39m[38;2;127;255;0mu[39m[38;2;255;1;0ms[39m - Nexus
[2025-02-25T17:45:12.991Z] [ERROR] Account suspended. Reason: - Nexus
[2025-02-25T17:49:35.609Z] [ERROR] [38;2;255;0;0mN[39m[38;2;128;0;255me[39m[38;2;0;255;255mx[39m[38;2;127;255;0mu[39m[38;2;255;1;0ms[39m - Nexus
[2025-02-25T17:49:37.168Z] [ERROR] Account suspended. Reason: - Nexus
[2025-02-25T17:54:27.120Z] [ERROR] [38;2;255;0;0mN[39m[38;2;128;0;255me[39m[38;2;0;255;255mx[39m[38;2;127;255;0mu[39m[38;2;255;1;0ms[39m - Nexus
[2025-02-25T17:54:27.122Z] [ERROR] Account suspended. Reason: - Nexus
[2025-02-25T18:00:10.531Z] [ERROR] [Nexus] Failed to initialize bot: - Nexus
[2025-02-25T18:00:10.532Z] [ERROR] Account suspended. Reason: - Nexus
[2025-02-25T18:01:13.475Z] [ERROR] [Nexus] Failed to initialize bot: - Nexus
[2025-02-25T18:01:13.475Z] [ERROR] Account suspended. Reason: - Nexus
[2025-02-25T18:01:33.216Z] [ERROR] [Nexus] Failed to initialize bot: - Nexus
[2025-02-25T18:01:33.217Z] [ERROR] Account suspended. Reason: - Nexus
[2025-02-25T18:05:12.640Z] [ERROR] [Nexus] Failed to initialize bot: - Nexus
[2025-02-25T18:05:12.641Z] [ERROR] Account suspended. Reason: - Nexus
[2025-03-01T08:33:46.743Z] [ERROR] Failed to initialize bot:
