[2025-02-25T15:49:58.749Z] [INFO] Loaded AppState successfully
[2025-02-25T15:51:57.163Z] [INFO] Loaded AppState successfully
[2025-02-25T15:53:44.101Z] [INFO] Loaded AppState successfully
[2025-02-25T15:55:24.870Z] [INFO] Loaded AppState successfully
[2025-02-25T15:55:24.873Z] [INFO] Attempting to log in with ws3-fca...
[2025-02-25T15:57:51.959Z] [INFO] Loaded AppState successfully
[2025-02-25T15:57:51.962Z] [INFO] Attempting to log in with ws3-fca...
[2025-02-25T15:57:59.931Z] [INFO] Loaded AppState successfully
[2025-02-25T15:57:59.935Z] [INFO] Attempting to log in with ws3-fca...
[2025-02-25T15:59:42.012Z] [INFO] Loaded AppState successfully
[2025-02-25T15:59:42.017Z] [INFO] Attempting to log in with ws3-fca...
[2025-02-25T16:02:17.744Z] [INFO] Loaded AppState successfully
[2025-02-25T16:02:17.749Z] [INFO] Attempting to log in with ws3-fca...
[2025-02-25T16:03:27.883Z] [INFO] Loaded AppState successfully
[2025-02-25T16:03:27.887Z] [INFO] Attempting to log in with ws3-fca...
[2025-02-25T16:03:27.908Z] [INFO] Bot logged in successfully
[2025-02-25T16:06:36.459Z] [INFO] Loaded AppState successfully
[2025-02-25T16:06:36.463Z] [INFO] Attempting to log in with ws3-fca...
[2025-02-25T16:06:40.491Z] [INFO] Bot logged in successfully
[2025-02-25T16:08:38.847Z] [INFO] Loaded AppState successfully
[2025-02-25T16:08:38.851Z] [INFO] Attempting to log in with ws3-fca...
[2025-02-25T16:08:43.015Z] [INFO] Bot logged in successfully
[2025-02-25T16:12:01.414Z] [INFO] Loaded AppState successfully
[2025-02-25T16:12:01.418Z] [INFO] Attempting to log in with ws3-fca...
[2025-02-25T16:12:05.068Z] [INFO] Bot logged in successfully
[2025-02-25T16:41:29.917Z] [INFO] Loaded AppState successfully
[2025-02-25T16:41:29.920Z] [INFO] Attempting to log in with ws3-fca...
[2025-02-25T16:41:34.183Z] [INFO] Bot logged in successfully
[2025-02-25T16:44:11.217Z] [INFO] Loaded AppState successfully - Nexus
[2025-02-25T16:44:11.221Z] [INFO] Attempting to log in with Nexus... - Nexus
[2025-02-25T16:44:14.747Z] [INFO] Bot logged in successfully - Nexus
[2025-02-25T16:47:45.573Z] [INFO] Loaded AppState successfully - Nexus
[2025-02-25T16:47:45.577Z] [INFO] Attempting to log in with Nexus... - Nexus
[2025-02-25T16:47:49.036Z] [INFO] Bot logged in successfully - Nexus
[2025-02-25T16:49:10.658Z] [INFO] Loaded AppState successfully - Nexus
[2025-02-25T16:49:10.662Z] [INFO] Attempting to log in with Nexus... - Nexus
[2025-02-25T16:49:14.204Z] [INFO] Bot logged in successfully - Nexus
[2025-02-25T16:51:24.967Z] [INFO] Loaded AppState successfully - Nexus
[2025-02-25T16:51:24.971Z] [INFO] Attempting to log in with Nexus... - Nexus
[2025-02-25T16:51:28.177Z] [INFO] Bot logged in successfully - Nexus
[2025-02-25T16:53:16.374Z] [INFO] Loaded AppState successfully - Nexus
[2025-02-25T16:53:16.378Z] [INFO] Attempting to log in with Nexus... - Nexus
[2025-02-25T16:53:20.005Z] [INFO] Bot logged in successfully - Nexus
[2025-02-25T16:55:59.722Z] [INFO] Loaded AppState successfully - Nexus
[2025-02-25T16:55:59.726Z] [INFO] Attempting to log in with Nexus... - Nexus
[2025-02-25T16:56:03.649Z] [INFO] Bot logged in successfully - Nexus
[2025-02-25T16:58:01.025Z] [INFO] Loaded AppState successfully - Nexus
[2025-02-25T16:58:01.029Z] [INFO] Attempting to log in with Nexus... - Nexus
[2025-02-25T16:58:04.375Z] [INFO] Bot logged in successfully - Nexus
[2025-02-25T17:00:23.932Z] [INFO] Loaded AppState successfully - Nexus
[2025-02-25T17:00:23.936Z] [INFO] Attempting to log in with Nexus... - Nexus
[2025-02-25T17:00:27.443Z] [INFO] Bot logged in successfully - Nexus
[2025-02-25T17:05:48.731Z] [INFO] Loaded AppState successfully - Nexus
[2025-02-25T17:05:48.735Z] [INFO] Attempting to log in with Nexus... - Nexus
[2025-02-25T17:05:53.344Z] [INFO] Bot logged in successfully - Nexus
[2025-02-25T17:09:42.708Z] [INFO] Loaded AppState successfully - Nexus
[2025-02-25T17:09:42.712Z] [INFO] AppState found, attempting to log in with Nexus... - Nexus
[2025-02-25T17:09:46.657Z] [INFO] Logged in with user: MA KI MA (100087550592244) - Nexus
[2025-02-25T17:09:46.658Z] [INFO] Safely logged in with AppState - Nexus
[2025-02-25T17:15:00.751Z] [INFO] Loaded AppState successfully - Nexus
[2025-02-25T17:15:00.755Z] [INFO] AppState found, attempting to log in with Nexus... - Nexus
[2025-02-25T17:15:06.709Z] [INFO] Logged in with user: MA KI MA (100087550592244) - Nexus
[2025-02-25T17:15:06.710Z] [INFO] Safely logged in with AppState - Nexus
[2025-02-25T17:16:56.606Z] [INFO] Loaded AppState successfully - Nexus
[2025-02-25T17:16:56.610Z] [INFO] AppState found, attempting to log in with Nexus... - Nexus
[2025-02-25T17:19:13.932Z] [INFO] Loaded AppState successfully - Nexus
[2025-02-25T17:19:13.936Z] [INFO] AppState found, attempting to log in with Nexus... - Nexus
[2025-02-25T17:22:53.870Z] [INFO] Loaded AppState successfully - Nexus
[2025-02-25T17:22:53.874Z] [INFO] AppState found, attempting to log in with Nexus... - Nexus
[2025-02-25T17:25:39.779Z] [INFO] Loaded AppState successfully - Nexus
[2025-02-25T17:25:39.783Z] [INFO] AppState found, attempting to log in with Nexus... - Nexus
[2025-02-25T17:28:38.875Z] [INFO] Loaded AppState successfully - Nexus
[2025-02-25T17:28:38.879Z] [INFO] AppState found, attempting to log in with Nexus... - Nexus
[2025-02-25T17:31:05.568Z] [INFO] Loaded AppState successfully - Nexus
[2025-02-25T17:31:05.571Z] [INFO] AppState found, attempting to log in with Nexus... - Nexus
[2025-02-25T17:32:29.154Z] [INFO] Loaded AppState successfully - Nexus
[2025-02-25T17:32:29.159Z] [INFO] AppState found, attempting to log in with Nexus... - Nexus
[2025-02-25T17:34:43.861Z] [INFO] Loaded AppState successfully - Nexus
[2025-02-25T17:34:43.925Z] [INFO] AppState found, attempting to log in with Nexus... - Nexus
[2025-02-25T17:38:06.293Z] [INFO] Loaded AppState successfully - Nexus
[2025-02-25T17:38:06.297Z] [INFO] AppState found, attempting to log in with Nexus... - Nexus
[2025-02-25T17:41:16.641Z] [INFO] Loaded AppState successfully - Nexus
[2025-02-25T17:41:16.647Z] [INFO] AppState found, attempting to log in with Nexus... - Nexus
[2025-02-25T17:45:07.642Z] [INFO] Loaded AppState successfully - Nexus
[2025-02-25T17:45:07.650Z] [INFO] AppState found, attempting to log in with Nexus... - Nexus
[2025-02-25T17:49:30.761Z] [INFO] Loaded AppState successfully - Nexus
[2025-02-25T17:49:30.766Z] [INFO] AppState found, attempting to log in with Nexus... - Nexus
[2025-02-25T17:54:22.431Z] [INFO] Loaded AppState successfully - Nexus
[2025-02-25T17:54:22.438Z] [INFO] [38;2;255;0;0mN[39m[38;2;128;0;255me[39m[38;2;0;255;255mx[39m[38;2;127;255;0mu[39m[38;2;255;1;0ms[39m - Nexus
[2025-02-25T18:00:06.652Z] [INFO] Loaded AppState successfully - Nexus
[2025-02-25T18:00:06.657Z] [INFO] [Nexus] Loaded AppState successfully - Nexus
[2025-02-25T18:00:06.659Z] [INFO] [Nexus] AppState found, attempting to log in with Project Nexus... - Nexus
[2025-02-25T18:01:09.880Z] [INFO] Loaded AppState successfully - Nexus
[2025-02-25T18:01:09.885Z] [INFO] [Nexus] Loaded AppState successfully - Nexus
[2025-02-25T18:01:09.887Z] [INFO] [Nexus] AppState found, attempting to log in with Project Nexus... - Nexus
[2025-02-25T18:01:29.580Z] [INFO] Loaded AppState successfully - Nexus
[2025-02-25T18:01:29.585Z] [INFO] [Nexus] Loaded AppState successfully - Nexus
[2025-02-25T18:01:29.586Z] [INFO] [Nexus] AppState found, attempting to log in with Project Nexus... - Nexus
[2025-02-25T18:05:09.109Z] [INFO] Loaded AppState successfully - Nexus
[2025-02-25T18:05:09.115Z] [INFO] [Nexus] Loaded AppState successfully - Nexus
[2025-02-25T18:05:09.116Z] [INFO] [Nexus] AppState found, attempting to log in with Project Nexus... - Nexus
[2025-03-01T08:33:46.711Z] [INFO] GitHub sync initialized
[2025-03-01T08:36:41.446Z] [INFO] Loaded command: admin [admin]
[2025-03-01T08:36:41.454Z] [INFO] Loaded command: balance [economy]
[2025-03-01T08:36:41.456Z] [INFO] Loaded command: daily [economy]
[2025-03-01T08:36:41.459Z] [INFO] Loaded command: example [general]
[2025-03-01T08:36:41.461Z] [INFO] Loaded command: help [system]
[2025-03-01T08:36:41.463Z] [INFO] Loaded command: info [system]
[2025-03-01T08:36:41.466Z] [INFO] Loaded command: test [system]
[2025-03-01T08:36:41.470Z] [INFO] Loaded event: undefined
[2025-03-01T08:36:41.473Z] [INFO] Loaded event: undefined
[2025-03-01T08:36:41.477Z] [INFO] Loaded event: undefined
[2025-03-01T08:36:41.481Z] [INFO] Loaded event: undefined
[2025-03-01T08:36:41.484Z] [INFO] Loaded event: undefined
[2025-03-01T08:39:28.018Z] [INFO] Loaded command: admin [admin]
[2025-03-01T08:39:28.023Z] [INFO] Loaded command: balance [economy]
[2025-03-01T08:39:28.029Z] [INFO] Loaded command: daily [economy]
[2025-03-01T08:39:28.036Z] [INFO] Loaded command: example [general]
[2025-03-01T08:39:28.038Z] [INFO] Loaded command: help [system]
[2025-03-01T08:39:28.041Z] [INFO] Loaded command: info [system]
[2025-03-01T08:39:28.043Z] [INFO] Loaded command: test [system]
[2025-03-01T08:39:28.048Z] [INFO] Loaded event: undefined
[2025-03-01T08:39:28.052Z] [INFO] Loaded event: undefined
[2025-03-01T08:39:28.054Z] [INFO] Loaded event: undefined
[2025-03-01T08:39:28.057Z] [INFO] Loaded event: undefined
[2025-03-01T08:39:28.060Z] [INFO] Loaded event: undefined
[2025-03-01T08:42:34.275Z] [INFO] Loaded command: admin [admin]
[2025-03-01T08:42:34.279Z] [INFO] Loaded command: balance [economy]
[2025-03-01T08:42:34.281Z] [INFO] Loaded command: daily [economy]
[2025-03-01T08:42:34.285Z] [INFO] Loaded command: example [general]
[2025-03-01T08:42:34.287Z] [INFO] Loaded command: help [system]
[2025-03-01T08:42:34.292Z] [INFO] Loaded command: info [system]
[2025-03-01T08:42:34.298Z] [INFO] Loaded command: test [system]
[2025-03-01T08:44:03.648Z] [INFO] Loaded command: admin [admin]
[2025-03-01T08:44:03.651Z] [INFO] Loaded command: balance [economy]
[2025-03-01T08:44:03.653Z] [INFO] Loaded command: daily [economy]
[2025-03-01T08:44:03.656Z] [INFO] Loaded command: example [general]
[2025-03-01T08:44:03.658Z] [INFO] Loaded command: help [system]
[2025-03-01T08:44:03.661Z] [INFO] Loaded command: info [system]
[2025-03-01T08:44:03.663Z] [INFO] Loaded command: test [system]
[2025-03-01T08:44:03.670Z] [INFO] Loaded event: adminNoti
[2025-03-01T08:44:03.674Z] [INFO] Loaded event: example
[2025-03-01T08:44:03.676Z] [INFO] Loaded event: groupEvent
[2025-03-01T08:44:03.678Z] [INFO] Loaded event: introMessage
[2025-03-01T08:44:03.681Z] [INFO] Loaded event: messageEvent
